Using pre-set license
Built from '2020.3/release' branch; Version is '2020.3.27f1 (e759542391ea) revision 15161684'; Using compiler version '192528614'; Build Type 'Release'
OS: 'Windows 10  (10.0.19044) 64bit Professional' Language: 'ko' Physical Memory: 16347 MB
BatchMode: 1, IsHumanControllingUs: 0, StartBugReporterOnCrash: 0, Is64bit: 1, IsPro: 0

COMMAND LINE ARGUMENTS:
C:\Program Files\Unity\Hub\Editor\2020.3.27f1\Editor\Unity.exe
-adb2
-batchMode
-noUpm
-name
AssetImportWorker0
-projectPath
E:/unity_Ssd/MapMaking
-logFile
Logs/AssetImportWorker0.log
-srvPort
54731
Successfully changed project path to: E:/unity_Ssd/MapMaking
E:/unity_Ssd/MapMaking
Using Asset Import Pipeline V2.
Refreshing native plugins compatible for Editor in 72.84 ms, found 3 plugins.
Preloading 0 native plugins for Editor in 0.00 ms.
Initialize engine version: 2020.3.27f1 (e759542391ea)
[Subsystems] Discovering subsystems at path C:/Program Files/Unity/Hub/Editor/2020.3.27f1/Editor/Data/Resources/UnitySubsystems
[Subsystems] Discovering subsystems at path E:/unity_Ssd/MapMaking/Assets
GfxDevice: creating device client; threaded=0
Direct3D:
    Version:  Direct3D 11.0 [level 11.1]
    Renderer: NVIDIA GeForce GTX 1070 (ID=0x1b81)
    Vendor:   
    VRAM:     8081 MB
    Driver:   31.0.15.3179
Initialize mono
Mono path[0] = 'C:/Program Files/Unity/Hub/Editor/2020.3.27f1/Editor/Data/Managed'
Mono path[1] = 'C:/Program Files/Unity/Hub/Editor/2020.3.27f1/Editor/Data/MonoBleedingEdge/lib/mono/unityjit'
Mono config path = 'C:/Program Files/Unity/Hub/Editor/2020.3.27f1/Editor/Data/MonoBleedingEdge/etc'
Using monoOptions --debugger-agent=transport=dt_socket,embedding=1,server=y,suspend=n,address=127.0.0.1:56976
Begin MonoManager ReloadAssembly
Registering precompiled unity dll's ...
Register platform support module: C:/Program Files/Unity/Hub/Editor/2020.3.27f1/Editor/Data/PlaybackEngines/WindowsStandaloneSupport/UnityEditor.WindowsStandalone.Extensions.dll
Registered in 0.003861 seconds.
Native extension for WindowsStandalone target not found
Refreshing native plugins compatible for Editor in 71.33 ms, found 3 plugins.
Preloading 0 native plugins for Editor in 0.00 ms.
Mono: successfully reloaded assembly
- Completed reload, in  0.934 seconds
Domain Reload Profiling:
	ReloadAssembly (935ms)
		BeginReloadAssembly (118ms)
			ExecutionOrderSort (0ms)
			DisableScriptedObjects (0ms)
			BackupInstance (0ms)
			ReleaseScriptingObjects (0ms)
			CreateAndSetChildDomain (1ms)
		EndReloadAssembly (710ms)
			LoadAssemblies (116ms)
			RebuildTransferFunctionScriptingTraits (0ms)
			SetupTypeCache (224ms)
			ReleaseScriptCaches (0ms)
			RebuildScriptCaches (43ms)
			SetupLoadedEditorAssemblies (276ms)
				LogAssemblyErrors (0ms)
				InitializePlatformSupportModulesInManaged (6ms)
				SetLoadedEditorAssemblies (0ms)
				RefreshPlugins (71ms)
				BeforeProcessingInitializeOnLoad (26ms)
				ProcessInitializeOnLoadAttributes (122ms)
				ProcessInitializeOnLoadMethodAttributes (50ms)
				AfterProcessingInitializeOnLoad (0ms)
				EditorAssembliesLoaded (0ms)
			ExecutionOrderSort2 (0ms)
			AwakeInstancesAfterBackupRestoration (0ms)
Platform modules already initialized, skipping
Registering precompiled user dll's ...
Registered in 0.019381 seconds.
Begin MonoManager ReloadAssembly
Native extension for WindowsStandalone target not found
Refreshing native plugins compatible for Editor in 50.47 ms, found 3 plugins.
Preloading 0 native plugins for Editor in 0.00 ms.
Mono: successfully reloaded assembly
- Completed reload, in  1.831 seconds
Domain Reload Profiling:
	ReloadAssembly (1832ms)
		BeginReloadAssembly (406ms)
			ExecutionOrderSort (0ms)
			DisableScriptedObjects (4ms)
			BackupInstance (0ms)
			ReleaseScriptingObjects (0ms)
			CreateAndSetChildDomain (75ms)
		EndReloadAssembly (1329ms)
			LoadAssemblies (285ms)
			RebuildTransferFunctionScriptingTraits (0ms)
			SetupTypeCache (396ms)
			ReleaseScriptCaches (2ms)
			RebuildScriptCaches (110ms)
			SetupLoadedEditorAssemblies (493ms)
				LogAssemblyErrors (0ms)
				InitializePlatformSupportModulesInManaged (3ms)
				SetLoadedEditorAssemblies (0ms)
				RefreshPlugins (51ms)
				BeforeProcessingInitializeOnLoad (126ms)
				ProcessInitializeOnLoadAttributes (284ms)
				ProcessInitializeOnLoadMethodAttributes (17ms)
				AfterProcessingInitializeOnLoad (11ms)
				EditorAssembliesLoaded (0ms)
			ExecutionOrderSort2 (0ms)
			AwakeInstancesAfterBackupRestoration (6ms)
Platform modules already initialized, skipping
========================================================================
Worker process is ready to serve import requests
Launched and connected shader compiler UnityShaderCompiler.exe after 0.12 seconds
Refreshing native plugins compatible for Editor in 3.48 ms, found 3 plugins.
Preloading 0 native plugins for Editor in 0.00 ms.
Unloading 2353 Unused Serialized files (Serialized files now loaded: 0)
System memory in use before: 101.3 MB.
System memory in use after: 101.4 MB.

Unloading 34 unused Assets to reduce memory usage. Loaded Objects now: 2783.
Total: 9.030800 ms (FindLiveObjects: 0.648700 ms CreateObjectMapping: 0.299100 ms MarkObjects: 7.827500 ms  DeleteObjects: 0.251800 ms)

AssetImportParameters requested are different than current active one (requested -> active):
  custom:framework-win-MediaFoundation: 216162199b28c13a410421893ffa2e32 -> 
  custom:video-decoder-ogg-theora: a1e56fd34408186e4bbccfd4996cb3dc -> 
  custom:container-muxer-webm: aa71ff27fc2769a1b78a27578f13a17b -> 
  custom:container-demuxer-webm: 4f35f7cbe854078d1ac9338744f61a02 -> 
  custom:container-demuxer-ogg: 62fdf1f143b41e24485cea50d1cbac27 -> 
  custom:video-encoder-webm-vp8: eb34c28f22e8b96e1ab97ce403110664 -> 
  custom:video-decoder-webm-vp8: 9c59270c3fd7afecdb556c50c9e8de78 -> 
  custom:audio-decoder-ogg-vorbis: bf7c407c2cedff20999df2af8eb42d56 -> 
  custom:audio-encoder-webm-vorbis: bf7c407c2cedff20999df2af8eb42d56 -> 
========================================================================
Received Import Request.
  path: Assets/Scenes/GameStage2.unity
  artifactKey: Guid(5dd1d040d5cfd724c9e393660b577566) Importer(815301076,1909f56bfc062723c751e8b465ee728b)
Start importing Assets/Scenes/GameStage2.unity using Guid(5dd1d040d5cfd724c9e393660b577566) Importer(815301076,1909f56bfc062723c751e8b465ee728b)  -> (artifact id: 'c7c6ce50e9be8ae23774bc42b1bfdf99') in 0.037803 seconds 
  Import took 0.045420 seconds .

========================================================================
Received Import Request.
  Time since last request: 898.450428 seconds.
  path: Assets/Scenes/GameStage3.unity
  artifactKey: Guid(d2bfa3c86a4196843ac0e060beb8f33d) Importer(815301076,1909f56bfc062723c751e8b465ee728b)
Start importing Assets/Scenes/GameStage3.unity using Guid(d2bfa3c86a4196843ac0e060beb8f33d) Importer(815301076,1909f56bfc062723c751e8b465ee728b)  -> (artifact id: '8939c8e5d20e6d4e92ca3c5470fc2259') in 0.012727 seconds 
  Import took 0.092876 seconds .

========================================================================
Received Import Request.
  Time since last request: 12.362019 seconds.
  path: Assets/Scenes/GameStage1.unity
  artifactKey: Guid(1dba74b1f61e12844ac9fa0fac90500e) Importer(815301076,1909f56bfc062723c751e8b465ee728b)
Start importing Assets/Scenes/GameStage1.unity using Guid(1dba74b1f61e12844ac9fa0fac90500e) Importer(815301076,1909f56bfc062723c751e8b465ee728b)  -> (artifact id: '67a5046861a057e38b1e2b01fe189105') in 0.011299 seconds 
  Import took 0.015710 seconds .

========================================================================
Received Import Request.
  Time since last request: 1.774811 seconds.
  path: Assets/Scenes/Start.unity
  artifactKey: Guid(ebb1b0d8c6c94f54ba7150238c0497ba) Importer(815301076,1909f56bfc062723c751e8b465ee728b)
Start importing Assets/Scenes/Start.unity using Guid(ebb1b0d8c6c94f54ba7150238c0497ba) Importer(815301076,1909f56bfc062723c751e8b465ee728b)  -> (artifact id: '57e8f484f6eaf733ada8394699a06a8f') in 0.012153 seconds 
  Import took 0.018321 seconds .

========================================================================
Received Import Request.
  Time since last request: 105.076314 seconds.
  path: Assets/Script/Hook.cs
  artifactKey: Guid(8bb8552beb2bac34f81a8fedeeed7e96) Importer(815301076,1909f56bfc062723c751e8b465ee728b)
Start importing Assets/Script/Hook.cs using Guid(8bb8552beb2bac34f81a8fedeeed7e96) Importer(815301076,1909f56bfc062723c751e8b465ee728b)  -> (artifact id: '862177248b33c36c51e7615ee93966bf') in 0.118548 seconds 
  Import took 0.128394 seconds .

========================================================================
Received Import Request.
  Time since last request: 0.015608 seconds.
  path: Assets/sprite/우측.asset
  artifactKey: Guid(066cd232502d02843a02163bbfb10583) Importer(815301076,1909f56bfc062723c751e8b465ee728b)
Start importing Assets/sprite/우측.asset using Guid(066cd232502d02843a02163bbfb10583) Importer(815301076,1909f56bfc062723c751e8b465ee728b)  -> (artifact id: '556cf699044d6add6333f6b4da37576c') in 0.090776 seconds 
  Import took 0.096533 seconds .

========================================================================
Received Import Request.
  Time since last request: 0.011936 seconds.
  path: Assets/sprite/우측하단속.asset
  artifactKey: Guid(be6719a565864b946805976f1b5e5d8f) Importer(815301076,1909f56bfc062723c751e8b465ee728b)
Start importing Assets/sprite/우측하단속.asset using Guid(be6719a565864b946805976f1b5e5d8f) Importer(815301076,1909f56bfc062723c751e8b465ee728b)  -> (artifact id: 'e3e9dfd6d1b354a4f0c9a9ef42b91c15') in 0.025337 seconds 
  Import took 0.032244 seconds .

========================================================================
Received Import Request.
  Time since last request: 0.019667 seconds.
  path: Assets/sprite/상단.asset
  artifactKey: Guid(25d127df9d12e024888b87a1e32f6410) Importer(815301076,1909f56bfc062723c751e8b465ee728b)
Start importing Assets/sprite/상단.asset using Guid(25d127df9d12e024888b87a1e32f6410) Importer(815301076,1909f56bfc062723c751e8b465ee728b)  -> (artifact id: 'd00cde323f47dcec4cafb222bafcaa5c') in 0.020622 seconds 
  Import took 0.027860 seconds .

========================================================================
Received Import Request.
  Time since last request: 0.099558 seconds.
  path: Assets/StageConcept/Stage1/구름다리 컨셉2.jpg
  artifactKey: Guid(fce1c18b1eb34444089ae7f4133f0c4e) Importer(815301076,1909f56bfc062723c751e8b465ee728b)
Start importing Assets/StageConcept/Stage1/구름다리 컨셉2.jpg using Guid(fce1c18b1eb34444089ae7f4133f0c4e) Importer(815301076,1909f56bfc062723c751e8b465ee728b)  -> (artifact id: '58874e4710e7b4ffb23fcdc92f2c4e4d') in 0.160704 seconds 
  Import took 0.169036 seconds .

========================================================================
Received Import Request.
  Time since last request: 0.074942 seconds.
  path: Assets/sprite/좌측하단속.png
  artifactKey: Guid(0ca8239bfd5b4514ebe20b3218b74f15) Importer(815301076,1909f56bfc062723c751e8b465ee728b)
Start importing Assets/sprite/좌측하단속.png using Guid(0ca8239bfd5b4514ebe20b3218b74f15) Importer(815301076,1909f56bfc062723c751e8b465ee728b)  -> (artifact id: '7871de99fb86ef8742ccad0fc8ef2576') in 0.031756 seconds 
  Import took 0.036323 seconds .

========================================================================
Received Import Request.
  Time since last request: 0.010745 seconds.
  path: Assets/sprite/우측하단속.PNG
  artifactKey: Guid(3fade52d98790f84bab8a94381ad17f1) Importer(815301076,1909f56bfc062723c751e8b465ee728b)
Start importing Assets/sprite/우측하단속.PNG using Guid(3fade52d98790f84bab8a94381ad17f1) Importer(815301076,1909f56bfc062723c751e8b465ee728b)  -> (artifact id: '9b5551c0b1c58fea3126e6e3171754b7') in 0.019725 seconds 
  Import took 0.024821 seconds .

========================================================================
Received Import Request.
  Time since last request: 0.011081 seconds.
  path: Assets/sprite/좌측상단.asset
  artifactKey: Guid(e20bad31536dd7245be1dee29ae2c1e1) Importer(815301076,1909f56bfc062723c751e8b465ee728b)
Start importing Assets/sprite/좌측상단.asset using Guid(e20bad31536dd7245be1dee29ae2c1e1) Importer(815301076,1909f56bfc062723c751e8b465ee728b)  -> (artifact id: 'e8567e54543f1c198c475e7bf2227671') in 0.017115 seconds 
  Import took 0.024767 seconds .

========================================================================
Received Import Request.
  Time since last request: 0.030959 seconds.
  path: Assets/Script/JumpMovement.cs
  artifactKey: Guid(04c6c6bffd7264e498753611caa8995e) Importer(815301076,1909f56bfc062723c751e8b465ee728b)
Start importing Assets/Script/JumpMovement.cs using Guid(04c6c6bffd7264e498753611caa8995e) Importer(815301076,1909f56bfc062723c751e8b465ee728b)  -> (artifact id: '49994bc61b9dba0dd47571b0560cbfc0') in 0.008803 seconds 
  Import took 0.014514 seconds .

========================================================================
Received Import Request.
  Time since last request: 0.008387 seconds.
  path: Assets/sprite/가운데.png
  artifactKey: Guid(b93728ebff4ad4d4189561974b858168) Importer(815301076,1909f56bfc062723c751e8b465ee728b)
Start importing Assets/sprite/가운데.png using Guid(b93728ebff4ad4d4189561974b858168) Importer(815301076,1909f56bfc062723c751e8b465ee728b)  -> (artifact id: '30066c1eb36747d864821fb95fd5940d') in 0.015679 seconds 
  Import took 0.019826 seconds .

========================================================================
Received Import Request.
  Time since last request: 0.010193 seconds.
  path: Assets/Script/PlayerDash.cs
  artifactKey: Guid(55fc6fe0cc09caa4e87327a686974f06) Importer(815301076,1909f56bfc062723c751e8b465ee728b)
Start importing Assets/Script/PlayerDash.cs using Guid(55fc6fe0cc09caa4e87327a686974f06) Importer(815301076,1909f56bfc062723c751e8b465ee728b)  -> (artifact id: '0fd3f188eab8a8d9bf97c3e814a8339d') in 0.007654 seconds 
  Import took 0.011301 seconds .

========================================================================
Received Import Request.
  Time since last request: 0.007417 seconds.
  path: Assets/sprite/우측하단.asset
  artifactKey: Guid(ca78070651d3bc747a29ade4afb7639b) Importer(815301076,1909f56bfc062723c751e8b465ee728b)
Start importing Assets/sprite/우측하단.asset using Guid(ca78070651d3bc747a29ade4afb7639b) Importer(815301076,1909f56bfc062723c751e8b465ee728b)  -> (artifact id: '8bfc4c5629ff775bb5dda4d2ef2d48be') in 0.013945 seconds 
  Import took 0.019656 seconds .

========================================================================
Received Import Request.
  Time since last request: 0.008000 seconds.
  path: Assets/Glass.asset
  artifactKey: Guid(83f7d2d90c3154b478d97e2aa9a34354) Importer(815301076,1909f56bfc062723c751e8b465ee728b)
Start importing Assets/Glass.asset using Guid(83f7d2d90c3154b478d97e2aa9a34354) Importer(815301076,1909f56bfc062723c751e8b465ee728b)  -> (artifact id: '3061d638bac8c5196b522b0b0b49af83') in 0.013094 seconds 
  Import took 0.017366 seconds .

========================================================================
Received Import Request.
  Time since last request: 0.023995 seconds.
  path: Assets/sprite/상단.PNG
  artifactKey: Guid(3e21e7507707ebc4e8858cb92ab8c0d5) Importer(815301076,1909f56bfc062723c751e8b465ee728b)
Start importing Assets/sprite/상단.PNG using Guid(3e21e7507707ebc4e8858cb92ab8c0d5) Importer(815301076,1909f56bfc062723c751e8b465ee728b)  -> (artifact id: '6edbe8d50bbbda49915c819b0ba321a2') in 0.021207 seconds 
  Import took 0.026896 seconds .

========================================================================
Received Import Request.
  Time since last request: 0.029254 seconds.
  path: Assets/sprite/좌측상단속.PNG
  artifactKey: Guid(3469c852b1e223a47b06ecb18711f2b1) Importer(815301076,1909f56bfc062723c751e8b465ee728b)
Start importing Assets/sprite/좌측상단속.PNG using Guid(3469c852b1e223a47b06ecb18711f2b1) Importer(815301076,1909f56bfc062723c751e8b465ee728b)  -> (artifact id: '5ee64ed0f0d607fc2e0545888b2fb967') in 0.020113 seconds 
  Import took 0.025433 seconds .

========================================================================
Received Import Request.
  Time since last request: 0.041993 seconds.
  path: Assets/Map/Stage1/Room3.prefab
  artifactKey: Guid(33884edf33a9ff340b30be97459c1e6e) Importer(815301076,1909f56bfc062723c751e8b465ee728b)
Start importing Assets/Map/Stage1/Room3.prefab using Guid(33884edf33a9ff340b30be97459c1e6e) Importer(815301076,1909f56bfc062723c751e8b465ee728b)  -> (artifact id: 'dfd7abf3ba54e304480e7e6fd367f86a') in 0.137837 seconds 
  Import took 0.142610 seconds .

========================================================================
Received Import Request.
  Time since last request: 0.010150 seconds.
  path: Assets/Script/ButtonController.cs
  artifactKey: Guid(19bb5a3ec2d3e544a98f89504c35c98e) Importer(815301076,1909f56bfc062723c751e8b465ee728b)
Start importing Assets/Script/ButtonController.cs using Guid(19bb5a3ec2d3e544a98f89504c35c98e) Importer(815301076,1909f56bfc062723c751e8b465ee728b)  -> (artifact id: '8020201a70dec4a093081ce6f3ffeb32') in 0.008426 seconds 
  Import took 0.013990 seconds .

========================================================================
Received Import Request.
  Time since last request: 0.007735 seconds.
  path: Assets/sprite/좌측하단.asset
  artifactKey: Guid(b2ab2a6123d2470469f34dfe95e0f62b) Importer(815301076,1909f56bfc062723c751e8b465ee728b)
Start importing Assets/sprite/좌측하단.asset using Guid(b2ab2a6123d2470469f34dfe95e0f62b) Importer(815301076,1909f56bfc062723c751e8b465ee728b)  -> (artifact id: '9c899e30708f31e1d38d0d552fb14864') in 0.014068 seconds 
  Import took 0.018241 seconds .

========================================================================
Received Import Request.
  Time since last request: 0.009806 seconds.
  path: Assets/sprite/좌측하단.PNG
  artifactKey: Guid(e10a9777b2ce7754ab5deccab8e2f81c) Importer(815301076,1909f56bfc062723c751e8b465ee728b)
Start importing Assets/sprite/좌측하단.PNG using Guid(e10a9777b2ce7754ab5deccab8e2f81c) Importer(815301076,1909f56bfc062723c751e8b465ee728b)  -> (artifact id: '5f1660d7b4f103d5b2572554ccb05179') in 0.020212 seconds 
  Import took 0.024450 seconds .

========================================================================
Received Import Request.
  Time since last request: 0.024189 seconds.
  path: Assets/sprite/좌측.PNG
  artifactKey: Guid(cd4244636a688414da2a5fff454cfe5b) Importer(815301076,1909f56bfc062723c751e8b465ee728b)
Start importing Assets/sprite/좌측.PNG using Guid(cd4244636a688414da2a5fff454cfe5b) Importer(815301076,1909f56bfc062723c751e8b465ee728b)  -> (artifact id: '36518fc1be487d2b1621b2863eb8dd45') in 0.017044 seconds 
  Import took 0.021388 seconds .

========================================================================
Received Import Request.
  Time since last request: 0.013017 seconds.
  path: Assets/Script/Cam/FollowPlayer.cs
  artifactKey: Guid(40b4913debf186b4d8f864f4565b382e) Importer(815301076,1909f56bfc062723c751e8b465ee728b)
Start importing Assets/Script/Cam/FollowPlayer.cs using Guid(40b4913debf186b4d8f864f4565b382e) Importer(815301076,1909f56bfc062723c751e8b465ee728b)  -> (artifact id: '67b283b26ae9c205ce5022baaad8e1c2') in 0.008025 seconds 
  Import took 0.011740 seconds .

========================================================================
Received Import Request.
  Time since last request: 0.121844 seconds.
  path: Assets/sprite/하단.png
  artifactKey: Guid(2bc5eb67b7ac9244cba68b804547ba8e) Importer(815301076,1909f56bfc062723c751e8b465ee728b)
Start importing Assets/sprite/하단.png using Guid(2bc5eb67b7ac9244cba68b804547ba8e) Importer(815301076,1909f56bfc062723c751e8b465ee728b)  -> (artifact id: 'fd289b7238b1c353114bfd6079c16e4d') in 0.017694 seconds 
  Import took 0.021447 seconds .

========================================================================
Received Import Request.
  Time since last request: 0.025993 seconds.
  path: Assets/sprite/좌측.asset
  artifactKey: Guid(4988c218e3d82344ea0b03b38943ef8b) Importer(815301076,1909f56bfc062723c751e8b465ee728b)
Start importing Assets/sprite/좌측.asset using Guid(4988c218e3d82344ea0b03b38943ef8b) Importer(815301076,1909f56bfc062723c751e8b465ee728b)  -> (artifact id: '9be13ccf2a1cb253c454e03f93612ab1') in 0.015327 seconds 
  Import took 0.019396 seconds .

========================================================================
Received Import Request.
  Time since last request: 0.042339 seconds.
  path: Assets/Script/HookAction.cs
  artifactKey: Guid(45a6e5f7cca4b964b92d2841f2db7e7d) Importer(815301076,1909f56bfc062723c751e8b465ee728b)
Start importing Assets/Script/HookAction.cs using Guid(45a6e5f7cca4b964b92d2841f2db7e7d) Importer(815301076,1909f56bfc062723c751e8b465ee728b)  -> (artifact id: 'efd44330b94604db7bd344fb7f69a541') in 0.008061 seconds 
  Import took 0.012644 seconds .

========================================================================
Received Import Request.
  Time since last request: 0.039431 seconds.
  path: Assets/Script/CameraCtrl.cs
  artifactKey: Guid(cdb3b74e06f97d34786c86834c762744) Importer(815301076,1909f56bfc062723c751e8b465ee728b)
Start importing Assets/Script/CameraCtrl.cs using Guid(cdb3b74e06f97d34786c86834c762744) Importer(815301076,1909f56bfc062723c751e8b465ee728b)  -> (artifact id: 'd06daaeeb7237c16eb72816bfe999fd4') in 0.009107 seconds 
  Import took 0.013846 seconds .

========================================================================
Received Import Request.
  Time since last request: 0.025456 seconds.
  path: Assets/sprite/우측상단속.PNG
  artifactKey: Guid(bae1867d0db21ae4c8f921605edfdc70) Importer(815301076,1909f56bfc062723c751e8b465ee728b)
Start importing Assets/sprite/우측상단속.PNG using Guid(bae1867d0db21ae4c8f921605edfdc70) Importer(815301076,1909f56bfc062723c751e8b465ee728b)  -> (artifact id: '054ae6fa98d548c9389077f62f2dbc61') in 0.015473 seconds 
  Import took 0.019429 seconds .

========================================================================
Received Import Request.
  Time since last request: 0.037376 seconds.
  path: Assets/StageConcept/Stage1/시작 격리실 컨셉.jpg
  artifactKey: Guid(95a334707bd6f9c41b00d6e0381cc1b5) Importer(815301076,1909f56bfc062723c751e8b465ee728b)
Start importing Assets/StageConcept/Stage1/시작 격리실 컨셉.jpg using Guid(95a334707bd6f9c41b00d6e0381cc1b5) Importer(815301076,1909f56bfc062723c751e8b465ee728b)  -> (artifact id: '4edd563e610b128dacc6baeb3a7225a9') in 0.051482 seconds 
  Import took 0.056204 seconds .

========================================================================
Received Import Request.
  Time since last request: 0.019005 seconds.
  path: Assets/green.asset
  artifactKey: Guid(f740ef4fe3ad89b4baa31e71c16c27b8) Importer(815301076,1909f56bfc062723c751e8b465ee728b)
Start importing Assets/green.asset using Guid(f740ef4fe3ad89b4baa31e71c16c27b8) Importer(815301076,1909f56bfc062723c751e8b465ee728b)  -> (artifact id: '99cb0fd92ece029562e867ddfa4a119a') in 0.013234 seconds 
  Import took 0.017072 seconds .

========================================================================
Received Import Request.
  Time since last request: 0.028148 seconds.
  path: Assets/StageConcept/Stage1/구름다리 컨셉1.jpg
  artifactKey: Guid(9575ee963bb539b469c5117130463b0f) Importer(815301076,1909f56bfc062723c751e8b465ee728b)
Start importing Assets/StageConcept/Stage1/구름다리 컨셉1.jpg using Guid(9575ee963bb539b469c5117130463b0f) Importer(815301076,1909f56bfc062723c751e8b465ee728b)  -> (artifact id: '65346fa208e6b2559d478a08ea572c0e') in 0.023717 seconds 
  Import took 0.028313 seconds .

========================================================================
Received Import Request.
  Time since last request: 0.032220 seconds.
  path: Assets/sprite/좌측하단속.asset
  artifactKey: Guid(3399efac42818fa4490fb20a120fc8ca) Importer(815301076,1909f56bfc062723c751e8b465ee728b)
Start importing Assets/sprite/좌측하단속.asset using Guid(3399efac42818fa4490fb20a120fc8ca) Importer(815301076,1909f56bfc062723c751e8b465ee728b)  -> (artifact id: 'b2bade5bd890b1adcfb728a0934f1d91') in 0.013197 seconds 
  Import took 0.017120 seconds .

========================================================================
Received Import Request.
  Time since last request: 0.010566 seconds.
  path: Assets/sprite/우측상단.asset
  artifactKey: Guid(d51dacc03cc24ac4ea19e04d0432eda4) Importer(815301076,1909f56bfc062723c751e8b465ee728b)
Start importing Assets/sprite/우측상단.asset using Guid(d51dacc03cc24ac4ea19e04d0432eda4) Importer(815301076,1909f56bfc062723c751e8b465ee728b)  -> (artifact id: '9075c66821347a35ab1749414999610d') in 0.014002 seconds 
  Import took 0.019402 seconds .

========================================================================
Received Import Request.
  Time since last request: 0.013112 seconds.
  path: Assets/StageConcept/Stage1/큰방 컨셉1.jpg
  artifactKey: Guid(66e20aacfe1466240859e25cf9ad89c6) Importer(815301076,1909f56bfc062723c751e8b465ee728b)
Start importing Assets/StageConcept/Stage1/큰방 컨셉1.jpg using Guid(66e20aacfe1466240859e25cf9ad89c6) Importer(815301076,1909f56bfc062723c751e8b465ee728b)  -> (artifact id: '99a4d35b4f377a301ad6b8dbc54de9ec') in 0.042051 seconds 
  Import took 0.047504 seconds .

========================================================================
Received Import Request.
  Time since last request: 0.011486 seconds.
  path: Assets/sprite/우측.PNG
  artifactKey: Guid(742b59377c52ee74c94227cffec9451b) Importer(815301076,1909f56bfc062723c751e8b465ee728b)
Start importing Assets/sprite/우측.PNG using Guid(742b59377c52ee74c94227cffec9451b) Importer(815301076,1909f56bfc062723c751e8b465ee728b)  -> (artifact id: 'd7d5bfec653215945ec4e090530eac6e') in 0.017679 seconds 
  Import took 0.025254 seconds .

========================================================================
Received Import Request.
  Time since last request: 0.012089 seconds.
  path: Assets/StageConcept/Stage1/실험실컨셉.jpg
  artifactKey: Guid(7795e6fd6bcbb0b49a963e6fca6d41e2) Importer(815301076,1909f56bfc062723c751e8b465ee728b)
Start importing Assets/StageConcept/Stage1/실험실컨셉.jpg using Guid(7795e6fd6bcbb0b49a963e6fca6d41e2) Importer(815301076,1909f56bfc062723c751e8b465ee728b)  -> (artifact id: 'c07b8bcb162bac6c92270177e359e236') in 0.018878 seconds 
  Import took 0.023306 seconds .

========================================================================
Received Import Request.
  Time since last request: 0.026780 seconds.
  path: Assets/sprite/가운데.asset
  artifactKey: Guid(63701e8a5d16918468200e826614f8da) Importer(815301076,1909f56bfc062723c751e8b465ee728b)
Start importing Assets/sprite/가운데.asset using Guid(63701e8a5d16918468200e826614f8da) Importer(815301076,1909f56bfc062723c751e8b465ee728b)  -> (artifact id: '4a6e416029312cfe5abf56315036f23b') in 0.016510 seconds 
  Import took 0.020515 seconds .

========================================================================
Received Import Request.
  Time since last request: 0.048117 seconds.
  path: Assets/sprite/우측상단속.asset
  artifactKey: Guid(603613deede95f44d913dc03239d10ac) Importer(815301076,1909f56bfc062723c751e8b465ee728b)
Start importing Assets/sprite/우측상단속.asset using Guid(603613deede95f44d913dc03239d10ac) Importer(815301076,1909f56bfc062723c751e8b465ee728b)  -> (artifact id: '9bcedee15b61b43cac34c062f478804c') in 0.015154 seconds 
  Import took 0.019014 seconds .

========================================================================
Received Import Request.
  Time since last request: 0.017493 seconds.
  path: Assets/sprite/좌측상단.png
  artifactKey: Guid(164d9988991efcf41a3df8c6429d7c2f) Importer(815301076,1909f56bfc062723c751e8b465ee728b)
Start importing Assets/sprite/좌측상단.png using Guid(164d9988991efcf41a3df8c6429d7c2f) Importer(815301076,1909f56bfc062723c751e8b465ee728b)  -> (artifact id: '4ec733f497a3f5ef999e4485cc570351') in 0.017556 seconds 
  Import took 0.021422 seconds .

========================================================================
Received Import Request.
  Time since last request: 0.038583 seconds.
  path: Assets/sprite/우측상단.PNG
  artifactKey: Guid(c67853679c0448847afcbe0e5d1e9175) Importer(815301076,1909f56bfc062723c751e8b465ee728b)
Start importing Assets/sprite/우측상단.PNG using Guid(c67853679c0448847afcbe0e5d1e9175) Importer(815301076,1909f56bfc062723c751e8b465ee728b)  -> (artifact id: '66fa698e38c2b7270cd937ab0dabffd8') in 0.020202 seconds 
  Import took 0.024397 seconds .

========================================================================
Received Import Request.
  Time since last request: 0.028318 seconds.
  path: Assets/sprite/좌측상단속.asset
  artifactKey: Guid(85fd0873fd8cf4b48bc1d0b792392c21) Importer(815301076,1909f56bfc062723c751e8b465ee728b)
Start importing Assets/sprite/좌측상단속.asset using Guid(85fd0873fd8cf4b48bc1d0b792392c21) Importer(815301076,1909f56bfc062723c751e8b465ee728b)  -> (artifact id: '9bf23cf2a53c4464a4255efa6e5b8f2c') in 0.014068 seconds 
  Import took 0.018664 seconds .

========================================================================
Received Import Request.
  Time since last request: 0.013798 seconds.
  path: Assets/StageConcept/Stage3/다카라즈카대극장 입구.jpg
  artifactKey: Guid(dd18fa24aaf95464b89cf3b5fcf7b77f) Importer(815301076,1909f56bfc062723c751e8b465ee728b)
Start importing Assets/StageConcept/Stage3/다카라즈카대극장 입구.jpg using Guid(dd18fa24aaf95464b89cf3b5fcf7b77f) Importer(815301076,1909f56bfc062723c751e8b465ee728b)  -> (artifact id: 'f818c0680cb81f9b2e6f34e142430586') in 0.024308 seconds 
  Import took 0.030134 seconds .

========================================================================
Received Import Request.
  Time since last request: 0.024596 seconds.
  path: Assets/StageConcept/Stage1/깨진방 컨셉.jpg
  artifactKey: Guid(7b3a5ff2690cfc047850d1d9778ccab7) Importer(815301076,1909f56bfc062723c751e8b465ee728b)
Start importing Assets/StageConcept/Stage1/깨진방 컨셉.jpg using Guid(7b3a5ff2690cfc047850d1d9778ccab7) Importer(815301076,1909f56bfc062723c751e8b465ee728b)  -> (artifact id: 'ae9d7c16d7f6401c669a98b3b74458d1') in 0.022733 seconds 
  Import took 0.026624 seconds .

========================================================================
Received Import Request.
  Time since last request: 0.009638 seconds.
  path: Assets/sprite/우측하단.PNG
  artifactKey: Guid(1d5ef819c0bb5ed49bee417c17acc166) Importer(815301076,1909f56bfc062723c751e8b465ee728b)
Start importing Assets/sprite/우측하단.PNG using Guid(1d5ef819c0bb5ed49bee417c17acc166) Importer(815301076,1909f56bfc062723c751e8b465ee728b)  -> (artifact id: '7dde876e921a0f3b4d75af50631af2f8') in 0.019411 seconds 
  Import took 0.024458 seconds .

========================================================================
Received Import Request.
  Time since last request: 0.009200 seconds.
  path: Assets/sprite/하단.asset
  artifactKey: Guid(862f0aac0d3f2c144853158af3407492) Importer(815301076,1909f56bfc062723c751e8b465ee728b)
Start importing Assets/sprite/하단.asset using Guid(862f0aac0d3f2c144853158af3407492) Importer(815301076,1909f56bfc062723c751e8b465ee728b)  -> (artifact id: 'bec2bc5cf535c74214e9bf7e03f75606') in 0.019216 seconds 
  Import took 0.025269 seconds .

========================================================================
Received Import Request.
  Time since last request: 0.026725 seconds.
  path: Assets/red.png
  artifactKey: Guid(8b642e69992c9184aa2141e48a415cd2) Importer(815301076,1909f56bfc062723c751e8b465ee728b)
Start importing Assets/red.png using Guid(8b642e69992c9184aa2141e48a415cd2) Importer(815301076,1909f56bfc062723c751e8b465ee728b)  -> (artifact id: 'b25147e67e58eb7bb1e90832727469fb') in 0.019401 seconds 
  Import took 0.024728 seconds .

========================================================================
Received Import Request.
  Time since last request: 370.943522 seconds.
  path: Assets/StageConcept/Stage1/실험실_복도.png
  artifactKey: Guid(80446d7595c92da4396de0350582b54c) Importer(815301076,1909f56bfc062723c751e8b465ee728b)
Start importing Assets/StageConcept/Stage1/실험실_복도.png using Guid(80446d7595c92da4396de0350582b54c) Importer(815301076,1909f56bfc062723c751e8b465ee728b)  -> (artifact id: 'fd84cf1f0fecc6856132f2145ae8a7a0') in 0.049040 seconds 
  Import took 0.060116 seconds .

========================================================================
Received Import Request.
  Time since last request: 0.504007 seconds.
  path: Assets/StageConcept/Stage1/실험실_배경.png
  artifactKey: Guid(d517d2e1fdb65b84c925bfe4a0a3081c) Importer(815301076,1909f56bfc062723c751e8b465ee728b)
Start importing Assets/StageConcept/Stage1/실험실_배경.png using Guid(d517d2e1fdb65b84c925bfe4a0a3081c) Importer(815301076,1909f56bfc062723c751e8b465ee728b)  -> (artifact id: '9f26d52e41b19cfa0322964f0e57bf32') in 0.026474 seconds 
  Import took 0.032319 seconds .

========================================================================
Received Import Request.
  Time since last request: 81.808413 seconds.
  path: Assets/StageConcept/Stage1/실험실_배경.png
  artifactKey: Guid(d517d2e1fdb65b84c925bfe4a0a3081c) Importer(815301076,1909f56bfc062723c751e8b465ee728b)
Start importing Assets/StageConcept/Stage1/실험실_배경.png using Guid(d517d2e1fdb65b84c925bfe4a0a3081c) Importer(815301076,1909f56bfc062723c751e8b465ee728b)  -> (artifact id: '9ca5bf9ef40a8c615db8edcfcb5b71cb') in 0.031211 seconds 
  Import took 0.037398 seconds .

========================================================================
Received Import Request.
  Time since last request: 9.037545 seconds.
  path: Assets/StageConcept/Stage1/실험실_배경.png
  artifactKey: Guid(d517d2e1fdb65b84c925bfe4a0a3081c) Importer(815301076,1909f56bfc062723c751e8b465ee728b)
Start importing Assets/StageConcept/Stage1/실험실_배경.png using Guid(d517d2e1fdb65b84c925bfe4a0a3081c) Importer(815301076,1909f56bfc062723c751e8b465ee728b)  -> (artifact id: 'fa171f083660761d0cc2fdc6393868a5') in 0.027805 seconds 
  Import took 0.036316 seconds .

========================================================================
Received Import Request.
  Time since last request: 11.491068 seconds.
  path: Assets/StageConcept/Stage1/실험실_배경.png
  artifactKey: Guid(d517d2e1fdb65b84c925bfe4a0a3081c) Importer(815301076,1909f56bfc062723c751e8b465ee728b)
Start importing Assets/StageConcept/Stage1/실험실_배경.png using Guid(d517d2e1fdb65b84c925bfe4a0a3081c) Importer(815301076,1909f56bfc062723c751e8b465ee728b)  -> (artifact id: 'dc6cc1ab539a2787b599609ea8dd7406') in 0.018840 seconds 
  Import took 0.026064 seconds .

========================================================================
Received Import Request.
  Time since last request: 819.323242 seconds.
  path: Assets/StageConcept/Stage1/계단복도.png
  artifactKey: Guid(416b033db016a4d4b87858d71f412437) Importer(815301076,1909f56bfc062723c751e8b465ee728b)
Start importing Assets/StageConcept/Stage1/계단복도.png using Guid(416b033db016a4d4b87858d71f412437) Importer(815301076,1909f56bfc062723c751e8b465ee728b)  -> (artifact id: 'b3fe9a8248f8105b8d65aa7ecee89cd6') in 0.075387 seconds 
  Import took 0.083782 seconds .

========================================================================
Received Import Request.
  Time since last request: 166.385357 seconds.
  path: Assets/StageConcept/Stage2/윈치크레인.jpg
  artifactKey: Guid(e784b9874e492b6469b81771d0a54f8c) Importer(815301076,1909f56bfc062723c751e8b465ee728b)
Start importing Assets/StageConcept/Stage2/윈치크레인.jpg using Guid(e784b9874e492b6469b81771d0a54f8c) Importer(815301076,1909f56bfc062723c751e8b465ee728b)  -> (artifact id: 'f6cae7acf1a8fc002c2fc3b4316c220e') in 0.028767 seconds 
  Import took 0.034527 seconds .

========================================================================
Received Import Request.
  Time since last request: 196.403978 seconds.
  path: Assets/Scenes/GameStage2.unity
  artifactKey: Guid(5dd1d040d5cfd724c9e393660b577566) Importer(815301076,1909f56bfc062723c751e8b465ee728b)
Start importing Assets/Scenes/GameStage2.unity using Guid(5dd1d040d5cfd724c9e393660b577566) Importer(815301076,1909f56bfc062723c751e8b465ee728b)  -> (artifact id: '737e02935263889fc1219ec4d010845d') in 0.003170 seconds 
  Import took 0.009641 seconds .

AssetImportWorkerClient::OnTransportError - code=2 error=End of file
